<?xml version="1.0" encoding="UTF-8"?>
<!-- Generated by org.testng.reporters.JUnitReportReporter -->
<testsuite skipped="1" hostname="LAPTOP-UC8NRPBF" name="testcases.Loginclass" tests="5" failures="0" timestamp="2021-11-13T02:31:21 IST" time="77.312" errors="0">
  <testcase name="thirdcase" time="17.090" classname="testcases.Loginclass"/>
  <system-out/>
  <testcase name="fourthcase" time="22.395" classname="testcases.Loginclass"/>
  <system-out/>
  <testcase name="thirdcase" time="20.476" classname="testcases.Loginclass"/>
  <system-out/>
  <testcase name="fourthcase" time="17.351" classname="testcases.Loginclass"/>
  <system-out/>
  <testcase name="secondcase" classname="testcases.Loginclass">
    <skipped/>
  </testcase> <!-- secondcase -->
  <system-out/>
</testsuite> <!-- testcases.Loginclass -->
